<?xml version="1.0" encoding="UTF-8"?>
<testsuite name="Tests" tests="4" skipped="0" failures="0" errors="0" timestamp="2021-07-06T03:59:22" hostname="LAPTOP-K86DNDNJ" time="0.01">
  <properties/>
  <testcase name="testDeckIterator" classname="Tests" time="0.007"/>
  <testcase name="testCard" classname="Tests" time="0.0"/>
  <testcase name="testDeck" classname="Tests" time="0.0"/>
  <testcase name="testHand" classname="Tests" time="0.002"/>
  <system-out><![CDATA[]]></system-out>
  <system-err><![CDATA[]]></system-err>
</testsuite>
